src/App.tsx(1,1): error TS6133: 'React' is declared but its value is never read.
src/components/layout/DashboardLayout.tsx(1,1): error TS6133: 'React' is declared but its value is never read.
src/components/layout/MainLayout.tsx(1,1): error TS6133: 'React' is declared but its value is never read.
src/components/layout/ProtectedLayout.tsx(1,1): error TS6133: 'React' is declared but its value is never read.
src/features/company/Dashboard.tsx(1,1): error TS6133: 'React' is declared but its value is never read.
src/features/company/Dashboard.tsx(2,1): error TS6133: 'motion' is declared but its value is never read.
src/features/company/SubmissionForm.tsx(1,8): error TS6133: 'React' is declared but its value is never read.
src/features/company/SubmissionForm.tsx(3,18): error TS6133: 'AnimatePresence' is declared but its value is never read.
src/features/company/SubmissionForm.tsx(4,18): error TS6133: 'FileText' is declared but its value is never read.
src/features/gov/GovDashboard.tsx(1,1): error TS6133: 'React' is declared but its value is never read.
src/features/gov/GovDashboard.tsx(2,1): error TS6133: 'motion' is declared but its value is never read.
src/features/gov/GovDashboard.tsx(4,38): error TS6133: 'Search' is declared but its value is never read.
src/features/gov/GovDashboard.tsx(7,1): error TS6133: 'Input' is declared but its value is never read.
src/features/gov/GovDashboard.tsx(9,1): error TS6133: 'Link' is declared but its value is never read.
src/features/gov/InvestigationPanel.tsx(1,1): error TS6133: 'React' is declared but its value is never read.
src/features/gov/InvestigationPanel.tsx(2,1): error TS6133: 'motion' is declared but its value is never read.
src/features/gov/InvestigationPanel.tsx(3,31): error TS6133: 'MessageSquare' is declared but its value is never read.
src/features/gov/InvestigationPanel.tsx(3,67): error TS6133: 'Activity' is declared but its value is never read.
src/features/gov/RiskMatrix.tsx(1,1): error TS6133: 'React' is declared but its value is never read.
src/features/public/ComplaintForm.tsx(1,8): error TS6133: 'React' is declared but its value is never read.
src/features/public/LandingPage.tsx(1,1): error TS6133: 'React' is declared but its value is never read.
src/features/public/LandingPage.tsx(4,63): error TS6133: 'Gavel' is declared but its value is never read.
src/features/public/LandingPage.tsx(4,70): error TS6133: 'Scale' is declared but its value is never read.
src/pages/AiPipeline.tsx(1,1): error TS6133: 'React' is declared but its value is never read.
src/pages/AiPipeline.tsx(3,63): error TS6133: 'ArrowRight' is declared but its value is never read.
src/pages/AiPipeline.tsx(4,35): error TS2307: Cannot find module '../../components/ui/card' or its corresponding type declarations.
src/pages/AiPipeline.tsx(5,23): error TS2307: Cannot find module '../../components/ui/badge' or its corresponding type declarations.
src/pages/LoginPage.tsx(1,8): error TS6133: 'React' is declared but its value is never read.
